<?xml version="1.0" encoding="UTF-8"?>
<!-- Generated by org.testng.reporters.JUnitReportReporter -->
<testsuite hostname="DESKTOP-4OI3J6B" failures="0" tests="2" name="urbanMatch.VIPMembership" time="6.089" errors="0" timestamp="2024-08-15T14:55:16 IST" skipped="0">
  <testcase classname="urbanMatch.VIPMembership" name="verifyVIPMembership" time="6.077"/>
  <testcase classname="urbanMatch.VIPMembership" name="verifyStart" time="0.012"/>
</testsuite> <!-- urbanMatch.VIPMembership -->
