<?xml version="1.0" encoding="UTF-8"?>
<!-- Generated by org.testng.reporters.JUnitReportReporter -->
<testsuite hostname="DESKTOP-4OI3J6B" failures="0" tests="2" name="urbanMatch.VIPMembership" time="42.004" errors="0" timestamp="2024-08-16T14:03:03 IST" skipped="0">
  <testcase classname="urbanMatch.VIPMembership" name="verifyVIPMembership" time="9.160"/>
  <testcase classname="urbanMatch.VIPMembership" name="verifyStart" time="32.844"/>
</testsuite> <!-- urbanMatch.VIPMembership -->
